Added Component: Designator=C1(0805C)
Added Component: Designator=C2(CP-RAD-8.0mm-11.5mm-3.5mm)
Added Component: Designator=C3(CP-RAD-8.0mm-11.5mm-3.5mm)
Added Component: Designator=C4(C100-200-100)
Added Component: Designator=C5(CP-RAD-8.0mm-11.5mm-3.5mm)
Added Component: Designator=C6(CP-RAD-8.0mm-20.0mm-3.5mm)
Added Component: Designator=C7(C100-200-100)
Added Component: Designator=D1(SMA)
Added Component: Designator=D2(SMA)
Added Component: Designator=D3(LED 5mm)
Added Component: Designator=D4(LED 5mm)
Added Component: Designator=D5(SMA)
Added Component: Designator=D6(SMA)
Added Component: Designator=D7(DO-41-Glass)
Added Component: Designator=D8(LED 5mm)
Added Component: Designator=D9(LED 5mm)
Added Component: Designator=D10(DO-41-Glass)
Added Component: Designator=F1(PIN-W2/E2.8)
Added Component: Designator=HS1(HS-TO-220-180847)
Added Component: Designator=HS2(HS-TO-220-180847)
Added Component: Designator=P1(KRE_3)
Added Component: Designator=P2(KRE_3)
Added Component: Designator=Q1(TO-220/BCE)
Added Component: Designator=Q2(TO-92/CBE)
Added Component: Designator=Q3(TO-92/CBE)
Added Component: Designator=Q4(TO-92/CBE)
Added Component: Designator=Q5(TO-220AB)
Added Component: Designator=Q6(29-04)
Added Component: Designator=Q7(TO-92/CBE)
Added Component: Designator=Q8(29-04)
Added Component: Designator=R1(Res Axial 1W)
Added Component: Designator=R2(R400-2.0mm)
Added Component: Designator=R3(AXIAL-0.4)
Added Component: Designator=R4(R400-2.0mm)
Added Component: Designator=R5(R400-2.0mm)
Added Component: Designator=R6(AXIAL-0.4)
Added Component: Designator=R7(Trimpot-3266Y)
Added Component: Designator=R8(Res Axial 1W)
Added Component: Designator=R9(R400-2.0mm)
Added Component: Designator=R10(R400-2.0mm)
Added Component: Designator=R11(AXIAL-0.4)
Added Component: Designator=R12(AXIAL-0.4)
Added Component: Designator=R13(R400-2.0mm)
Added Component: Designator=R14(Trimpot-3266Y)
Added Component: Designator=U1(DIP08-300(100))
Added Pin To Net: NetName=GND Pin=C1-2
Added Pin To Net: NetName=GND Pin=C2-2
Added Pin To Net: NetName=GND Pin=C3-2
Added Pin To Net: NetName=GND Pin=C4-1
Added Pin To Net: NetName=GND Pin=C5-1
Added Pin To Net: NetName=GND Pin=C6-1
Added Pin To Net: NetName=GND Pin=C7-1
Added Pin To Net: NetName=GND Pin=D7-A
Added Pin To Net: NetName=GND Pin=D10-K
Added Pin To Net: NetName=GND Pin=F1-1
Added Pin To Net: NetName=GND Pin=P2-2
Added Pin To Net: NetName=GND Pin=R5-1
Added Pin To Net: NetName=GND Pin=R6-1
Added Pin To Net: NetName=GND Pin=R11-1
Added Pin To Net: NetName=GND Pin=R12-1
Added Pin To Net: NetName=GND Pin=R13-1
Added Net: Name=GND
Added Pin To Net: NetName=NetC1_1 Pin=C1-1
Added Pin To Net: NetName=NetC1_1 Pin=C2-1
Added Pin To Net: NetName=NetC1_1 Pin=Q1-C
Added Pin To Net: NetName=NetC1_1 Pin=Q2-E
Added Pin To Net: NetName=NetC1_1 Pin=R3-2
Added Pin To Net: NetName=NetC1_1 Pin=R4-2
Added Pin To Net: NetName=NetC1_1 Pin=U1-8
Added Net: Name=NetC1_1
Added Pin To Net: NetName=NetC4_2 Pin=C4-2
Added Pin To Net: NetName=NetC4_2 Pin=D7-K
Added Pin To Net: NetName=NetC4_2 Pin=Q4-C
Added Pin To Net: NetName=NetC4_2 Pin=U1-3
Added Net: Name=NetC4_2
Added Pin To Net: NetName=NetC6_2 Pin=C6-2
Added Pin To Net: NetName=NetC6_2 Pin=Q6-3
Added Pin To Net: NetName=NetC6_2 Pin=R10-2
Added Pin To Net: NetName=NetC6_2 Pin=U1-4
Added Net: Name=NetC6_2
Added Pin To Net: NetName=NetC7_2 Pin=C7-2
Added Pin To Net: NetName=NetC7_2 Pin=D10-A
Added Pin To Net: NetName=NetC7_2 Pin=Q8-1
Added Pin To Net: NetName=NetC7_2 Pin=U1-5
Added Net: Name=NetC7_2
Added Pin To Net: NetName=NetD1_A Pin=P1-1
Added Net: Name=NetD1_A
Added Pin To Net: NetName=NetD2_A Pin=P1-3
Added Net: Name=NetD2_A
Added Pin To Net: NetName=NetD3_1 Pin=R3-1
Added Net: Name=NetD3_1
Added Pin To Net: NetName=NetD4_1 Pin=R2-1
Added Net: Name=NetD4_1
Added Pin To Net: NetName=NetD8_1 Pin=R11-2
Added Net: Name=NetD8_1
Added Pin To Net: NetName=NetD9_2 Pin=R9-1
Added Net: Name=NetD9_2
Added Pin To Net: NetName=NetF1_2 Pin=F1-2
Added Pin To Net: NetName=NetF1_2 Pin=P1-2
Added Net: Name=NetF1_2
Added Pin To Net: NetName=NetQ1_B Pin=Q1-B
Added Pin To Net: NetName=NetQ1_B Pin=Q3-C
Added Pin To Net: NetName=NetQ1_B Pin=U1-1
Added Net: Name=NetQ1_B
Added Pin To Net: NetName=NetQ1_E Pin=Q1-E
Added Pin To Net: NetName=NetQ1_E Pin=Q3-B
Added Pin To Net: NetName=NetQ1_E Pin=R1-1
Added Net: Name=NetQ1_E
Added Pin To Net: NetName=NetQ2_B Pin=Q2-B
Added Pin To Net: NetName=NetQ2_B Pin=Q4-E
Added Pin To Net: NetName=NetQ2_B Pin=R4-1
Added Net: Name=NetQ2_B
Added Pin To Net: NetName=NetQ2_C Pin=Q2-C
Added Pin To Net: NetName=NetQ2_C Pin=Q4-B
Added Pin To Net: NetName=NetQ2_C Pin=R5-2
Added Net: Name=NetQ2_C
Added Pin To Net: NetName=NetQ5_B Pin=Q7-C
Added Pin To Net: NetName=NetQ5_B Pin=U1-7
Added Net: Name=NetQ5_B
Added Pin To Net: NetName=NetQ5_E Pin=Q7-B
Added Pin To Net: NetName=NetQ5_E Pin=R8-1
Added Net: Name=NetQ5_E
Added Pin To Net: NetName=NetQ6_1 Pin=Q6-1
Added Pin To Net: NetName=NetQ6_1 Pin=Q8-2
Added Pin To Net: NetName=NetQ6_1 Pin=R13-2
Added Net: Name=NetQ6_1
Added Pin To Net: NetName=NetQ6_2 Pin=Q6-2
Added Pin To Net: NetName=NetQ6_2 Pin=Q8-3
Added Pin To Net: NetName=NetQ6_2 Pin=R10-1
Added Net: Name=NetQ6_2
Added Pin To Net: NetName=NetR6_2 Pin=R6-2
Added Pin To Net: NetName=NetR6_2 Pin=R7-1
Added Pin To Net: NetName=NetR6_2 Pin=U1-2
Added Net: Name=NetR6_2
Added Pin To Net: NetName=NetR12_2 Pin=R12-2
Added Pin To Net: NetName=NetR12_2 Pin=R14-1
Added Pin To Net: NetName=NetR12_2 Pin=U1-6
Added Net: Name=NetR12_2
Added Pin To Net: NetName=V+ Pin=C3-1
Added Pin To Net: NetName=V+ Pin=P2-3
Added Pin To Net: NetName=V+ Pin=Q3-E
Added Pin To Net: NetName=V+ Pin=R1-2
Added Pin To Net: NetName=V+ Pin=R2-2
Added Pin To Net: NetName=V+ Pin=R7-2
Added Pin To Net: NetName=V+ Pin=R7-3
Added Net: Name=V+
Added Pin To Net: NetName=V- Pin=C5-2
Added Pin To Net: NetName=V- Pin=P2-1
Added Pin To Net: NetName=V- Pin=Q7-E
Added Pin To Net: NetName=V- Pin=R8-2
Added Pin To Net: NetName=V- Pin=R9-2
Added Pin To Net: NetName=V- Pin=R14-2
Added Pin To Net: NetName=V- Pin=R14-3
Added Net: Name=V-
Added Class: Name=main
Added Room: Name=main
