Added Component: Designator=C1(0805C)
Added Component: Designator=C2(C300-450-150)
Added Component: Designator=C3(C300-450-150)
Added Component: Designator=C4(0805C)
Added Component: Designator=C5(C300-450-150)
Added Component: Designator=C6(C300-450-150)
Added Component: Designator=D1(DO-41-Plastic)
Added Component: Designator=D2(DO-41-Plastic)
Added Component: Designator=D3(DSO-C2/D5.6)
Added Component: Designator=D4(DO-41-Plastic)
Added Component: Designator=D5(DO-41-Plastic)
Added Component: Designator=D6(DO-41-Glass)
Added Component: Designator=D7(DSO-C2/D5.6)
Added Component: Designator=D8(DO-41-Glass)
Added Component: Designator=P1(KRE_3)
Added Component: Designator=P2(KRE_3)
Added Component: Designator=Q1(TO-92/CBE)
Added Component: Designator=Q2(TO-92/CBE)
Added Component: Designator=Q3(TO-92/CBE)
Added Component: Designator=Q4(TO-92/CBE)
Added Component: Designator=Q5(TO-92/CBE)
Added Component: Designator=Q6(29-04)
Added Component: Designator=Q7(TO-92/CBE)
Added Component: Designator=Q8(29-04)
Added Component: Designator=R1(R400-2.0mm)
Added Component: Designator=R2(R400-2.0mm)
Added Component: Designator=R3(R400-2.0mm)
Added Component: Designator=R4(R400-2.0mm)
Added Component: Designator=R5(POT)
Added Component: Designator=R6(POT)
Added Component: Designator=R7(R400-2.0mm)
Added Component: Designator=R8(R400-2.0mm)
Added Component: Designator=R9(R400-2.0mm)
Added Component: Designator=R10(POT)
Added Component: Designator=R11(R400-2.0mm)
Added Component: Designator=R12(POT)
Added Component: Designator=U1(DIP08-300(100))
Added Pin To Net: NetName=NetC1_1 Pin=C1-1
Added Pin To Net: NetName=GND Pin=C1-2
Added Pin To Net: NetName=GND Pin=C2-1
Added Pin To Net: NetName=NetC1_1 Pin=C2-2
Added Pin To Net: NetName=GND Pin=C3-1
Added Pin To Net: NetName=NetQ3_B Pin=C3-2
Added Pin To Net: NetName=GND Pin=C4-2
Added Pin To Net: NetName=NetC5_1 Pin=C5-1
Added Pin To Net: NetName=GND Pin=C5-2
Added Pin To Net: NetName=GND Pin=C6-1
Added Pin To Net: NetName=NetQ3_E Pin=C6-2
Added Pin To Net: NetName=NetD1_A Pin=D1-A
Added Pin To Net: NetName=NetC1_1 Pin=D1-K
Added Pin To Net: NetName=NetD2_A Pin=D2-A
Added Pin To Net: NetName=NetC1_1 Pin=D2-K
Added Pin To Net: NetName=NetD3_1 Pin=D3-1
Added Pin To Net: NetName=GND Pin=D3-2
Added Pin To Net: NetName=NetC5_1 Pin=D4-A
Added Pin To Net: NetName=NetD1_A Pin=D4-K
Added Pin To Net: NetName=NetC5_1 Pin=D5-A
Added Pin To Net: NetName=NetD2_A Pin=D5-K
Added Pin To Net: NetName=GND Pin=D6-A
Added Pin To Net: NetName=NetQ3_B Pin=D6-K
Added Pin To Net: NetName=GND Pin=D7-1
Added Pin To Net: NetName=NetD7_2 Pin=D7-2
Added Pin To Net: NetName=NetQ3_E Pin=D8-A
Added Pin To Net: NetName=GND Pin=D8-K
Added Pin To Net: NetName=NetD2_A Pin=P1-1
Added Pin To Net: NetName=GND Pin=P1-2
Added Pin To Net: NetName=NetD1_A Pin=P1-3
Added Pin To Net: NetName=V- Pin=P2-1
Added Pin To Net: NetName=GND Pin=P2-2
Added Pin To Net: NetName=V+ Pin=P2-3
Added Pin To Net: NetName=NetQ1_B Pin=Q1-B
Added Pin To Net: NetName=NetC1_1 Pin=Q1-C
Added Pin To Net: NetName=NetQ1_E Pin=Q1-E
Added Pin To Net: NetName=NetR3_1 Pin=Q2-B
Added Pin To Net: NetName=NetR6_1 Pin=Q2-C
Added Pin To Net: NetName=NetC1_1 Pin=Q2-E
Added Pin To Net: NetName=NetQ1_E Pin=Q3-B
Added Pin To Net: NetName=NetQ1_B Pin=Q3-C
Added Pin To Net: NetName=V+ Pin=Q3-E
Added Pin To Net: NetName=NetR6_1 Pin=Q4-B
Added Pin To Net: NetName=NetQ3_B Pin=Q4-C
Added Pin To Net: NetName=NetR3_1 Pin=Q4-E
Added Pin To Net: NetName=NetC5_1 Pin=Q5-C
Added Pin To Net: NetName=NetC5_1 Pin=Q6-3
Added Pin To Net: NetName=V- Pin=Q7-E
Added Pin To Net: NetName=NetQ3_E Pin=Q8-1
Added Pin To Net: NetName=NetQ1_E Pin=R1-1
Added Pin To Net: NetName=V+ Pin=R1-2
Added Pin To Net: NetName=NetD3_1 Pin=R2-1
Added Pin To Net: NetName=V+ Pin=R2-2
Added Pin To Net: NetName=NetR3_1 Pin=R3-1
Added Pin To Net: NetName=NetC1_1 Pin=R3-2
Added Pin To Net: NetName=GND Pin=R4-1
Added Pin To Net: NetName=NetR6_1 Pin=R4-2
Added Pin To Net: NetName=GND Pin=R5-1
Added Pin To Net: NetName=GND Pin=R5-2
Added Pin To Net: NetName=V+ Pin=R6-2
Added Pin To Net: NetName=V+ Pin=R6-3
Added Pin To Net: NetName=V- Pin=R7-2
Added Pin To Net: NetName=NetD7_2 Pin=R8-1
Added Pin To Net: NetName=V- Pin=R8-2
Added Pin To Net: NetName=NetC5_1 Pin=R9-2
Added Pin To Net: NetName=GND Pin=R10-1
Added Pin To Net: NetName=GND Pin=R10-2
Added Pin To Net: NetName=GND Pin=R11-1
Added Pin To Net: NetName=V- Pin=R12-2
Added Pin To Net: NetName=V- Pin=R12-3
Added Pin To Net: NetName=NetQ1_B Pin=U1-1
Added Pin To Net: NetName=NetQ3_B Pin=U1-3
Added Pin To Net: NetName=NetQ1_B Pin=U1-4
Added Pin To Net: NetName=NetQ3_E Pin=U1-5
Added Pin To Net: NetName=NetQ1_B Pin=U1-8
Change Net Name : Old Net Name=NetQ3_B New Net Name=NetC3_2
Change Net Name : Old Net Name=NetQ3_E New Net Name=NetC6_2
Change Net Name : Old Net Name=NetR3_1 New Net Name=NetQ2_B
Change Net Name : Old Net Name=NetR6_1 New Net Name=NetQ2_C
Added Pin To Net: NetName=NetQ5_B Pin=Q5-B
Added Pin To Net: NetName=NetQ5_B Pin=Q7-C
Added Pin To Net: NetName=NetQ5_B Pin=U1-7
Added Net: Name=NetQ5_B
Added Pin To Net: NetName=NetQ5_E Pin=Q5-E
Added Pin To Net: NetName=NetQ5_E Pin=Q7-B
Added Pin To Net: NetName=NetQ5_E Pin=R7-1
Added Net: Name=NetQ5_E
Added Pin To Net: NetName=NetQ6_1 Pin=Q6-1
Added Pin To Net: NetName=NetQ6_1 Pin=Q8-2
Added Pin To Net: NetName=NetQ6_1 Pin=R11-2
Added Net: Name=NetQ6_1
Added Pin To Net: NetName=NetQ6_2 Pin=Q6-2
Added Pin To Net: NetName=NetQ6_2 Pin=Q8-3
Added Pin To Net: NetName=NetQ6_2 Pin=R9-1
Added Net: Name=NetQ6_2
Added Pin To Net: NetName=NetR5_3 Pin=R5-3
Added Pin To Net: NetName=NetR5_3 Pin=R6-1
Added Pin To Net: NetName=NetR5_3 Pin=U1-2
Added Net: Name=NetR5_3
Added Pin To Net: NetName=NetR10_3 Pin=R10-3
Added Pin To Net: NetName=NetR10_3 Pin=R12-1
Added Pin To Net: NetName=NetR10_3 Pin=U1-6
Added Net: Name=NetR10_3
Added Member To Class: ClassName=main Member=Component C1 100nF
Added Member To Class: ClassName=main Member=Component C2 1000uF
Added Member To Class: ClassName=main Member=Component C3 100uF
Added Member To Class: ClassName=main Member=Component C4 100nF
Added Member To Class: ClassName=main Member=Component C5 1000uF
Added Member To Class: ClassName=main Member=Component C6 100uF
Added Member To Class: ClassName=main Member=Component D1 1N4007
Added Member To Class: ClassName=main Member=Component D2 1N4007
Added Member To Class: ClassName=main Member=Component D3 LED3
Added Member To Class: ClassName=main Member=Component D4 1N4007
Added Member To Class: ClassName=main Member=Component D5 1N4007
Added Member To Class: ClassName=main Member=Component D6 1N4728A
Added Member To Class: ClassName=main Member=Component D7 LED3
Added Member To Class: ClassName=main Member=Component D8 1N4728A
Added Member To Class: ClassName=main Member=Component P1 SourceAC
Added Member To Class: ClassName=main Member=Component P2 Vout
Added Member To Class: ClassName=main Member=Component Q1 TIP41C
Added Member To Class: ClassName=main Member=Component Q2 BC212
Added Member To Class: ClassName=main Member=Component Q3 BC548
Added Member To Class: ClassName=main Member=Component Q4 BC212
Added Member To Class: ClassName=main Member=Component Q5 TIP127
Added Member To Class: ClassName=main Member=Component Q6 BC548B
Added Member To Class: ClassName=main Member=Component Q7 BC212
Added Member To Class: ClassName=main Member=Component Q8 BC548B
Added Member To Class: ClassName=main Member=Component R1 10R
Added Member To Class: ClassName=main Member=Component R2 Value
Added Member To Class: ClassName=main Member=Component R3 22R
Added Member To Class: ClassName=main Member=Component R4 4k7
Added Member To Class: ClassName=main Member=Component R5 1k7
Added Member To Class: ClassName=main Member=Component R6 1k
Added Member To Class: ClassName=main Member=Component R7 10
Added Member To Class: ClassName=main Member=Component R8 Value
Added Member To Class: ClassName=main Member=Component R9 300
Added Member To Class: ClassName=main Member=Component R10 1k7
Added Member To Class: ClassName=main Member=Component R11 Value
Added Member To Class: ClassName=main Member=Component R12 1k
Added Member To Class: ClassName=main Member=Component U1 LM358
Added Room: Name=main
