Removed Pin From Net: NetName=GND Pin=C2-1
Removed Pin From Net: NetName=NetC1_1 Pin=C2-2
Removed Pin From Net: NetName=GND Pin=C3-1
Removed Pin From Net: NetName=NetC3_2 Pin=C3-2
Removed Pin From Net: NetName=NetC5_1 Pin=C5-1
Removed Pin From Net: NetName=GND Pin=C5-2
Removed Pin From Net: NetName=NetC6_2 Pin=C6-2
Removed Pin From Net: NetName=NetD1_A Pin=D1-A
Removed Pin From Net: NetName=NetC1_1 Pin=D1-K
Removed Pin From Net: NetName=NetD1_A Pin=D4-K
Removed Pin From Net: NetName=NetD1_A Pin=P1-1
Removed Pin From Net: NetName=GND Pin=P1-2
Removed Pin From Net: NetName=NetQ2_C Pin=Q4-B
Removed Pin From Net: NetName=GND Pin=R4-1
Removed Pin From Net: NetName=NetQ2_C Pin=R4-2
Removed Pin From Net: NetName=GND Pin=R5-2
Removed Pin From Net: NetName=NetR5_3 Pin=R5-3
Removed Pin From Net: NetName=NetR5_3 Pin=R6-1
Removed Pin From Net: NetName=NetR5_3 Pin=U1-2
Removed Pin From Net: NetName=NetC1_1 Pin=U1-8
Change Component DesignItemId : Designator=C2 Old DesignItemId=Capacitor New DesignItemId=Capacitor-Electrolytic
Change Component DesignItemId : Designator=C3 Old DesignItemId=Capacitor New DesignItemId=Capacitor-Electrolytic
Change Component DesignItemId : Designator=C5 Old DesignItemId=Capacitor New DesignItemId=Capacitor-Electrolytic
Change Component DesignItemId : Designator=C6 Old DesignItemId=Capacitor New DesignItemId=Capacitor-Electrolytic
Change Component DesignItemId : Designator=R5 Old DesignItemId=Potentiometer New DesignItemId=Resistor
Change Component Footprint: Designator=C2 Old Footprint=C300-450-150 New Footprint=CP-RAD-8.0mm-11.5mm-3.5mm
Change Component Footprint: Designator=C3 Old Footprint=C300-450-150 New Footprint=CP-RAD-8.0mm-11.5mm-3.5mm
Change Component Footprint: Designator=C5 Old Footprint=C300-450-150 New Footprint=CP-RAD-8.0mm-11.5mm-3.5mm
Change Component Footprint: Designator=C6 Old Footprint=C300-450-150 New Footprint=CP-RAD-8.0mm-11.5mm-3.5mm
Change Component Footprint: Designator=D1 Old Footprint=DO-41-Plastic New Footprint=SMA
Change Component Footprint: Designator=R4 Old Footprint=R400-2.0mm New Footprint=0805R
Change Component Footprint: Designator=R13 Old Footprint=R400-2.0mm New Footprint=0805R
Change Component Footprint: Designator=R14 Old Footprint=R400-2.0mm New Footprint=0805R
Change Component Footprint: Designator=R5 Old Footprint=Trimpot-3266Y New Footprint=0805R
Change Component Comment : Designator=R5 Old Comment=1k7 New Comment=Value
Change Component Comment : Designator=R4 Old Comment=4k7 New Comment=Value
Change Component Comment : Designator=C3 Old Comment=100uF New Comment=1000u
Change Component Comment : Designator=C6 Old Comment=100uF New Comment=1000u
Change Component Comment : Designator=C2 Old Comment=1000uF New Comment=1000u
Change Component Comment : Designator=C5 Old Comment=1000uF New Comment=1000u
Change Component Designator: OldDesignator=D2 NewDesignator=D3
Change Component Designator: OldDesignator=D3 NewDesignator=D4
Change Component Designator: OldDesignator=D4 NewDesignator=D5
Change Component Designator: OldDesignator=D5 NewDesignator=D6
Change Component Designator: OldDesignator=D6 NewDesignator=D7
Change Component Designator: OldDesignator=D7 NewDesignator=D8
Change Component Designator: OldDesignator=D8 NewDesignator=D9
Change Component Designator: OldDesignator=R6 NewDesignator=R8
Change Component Designator: OldDesignator=R7 NewDesignator=R9
Change Component Designator: OldDesignator=R8 NewDesignator=R10
Change Component Designator: OldDesignator=R9 NewDesignator=R11
Change Component Designator: OldDesignator=R10 NewDesignator=R13
Change Component Designator: OldDesignator=R11 NewDesignator=R15
Change Component Designator: OldDesignator=R12 NewDesignator=R16
Change Component Designator: OldDesignator=R13 NewDesignator=R12
Added Component: Designator=C4(CP-RAD-8.0mm-11.5mm-3.5mm)
Added Component: Designator=C7(CP-RAD-8.0mm-11.5mm-3.5mm)
Added Component: Designator=D2(DO-41-Plastic)
Added Component: Designator=F1(PIN-W2/E2.8)
Added Component: Designator=R6(R400-2.0mm)
Added Component: Designator=R7(Trimpot-3266Y)
Added Pin To Net: NetName=NetC1_1 Pin=C2-1
Added Pin To Net: NetName=GND Pin=C2-2
Added Pin To Net: NetName=V+ Pin=C3-1
Added Pin To Net: NetName=GND Pin=C3-2
Added Pin To Net: NetName=NetC3_2 Pin=C4-1
Added Pin To Net: NetName=GND Pin=C4-2
Added Pin To Net: NetName=GND Pin=C5-1
Added Pin To Net: NetName=V- Pin=C5-2
Added Pin To Net: NetName=NetC5_1 Pin=C6-2
Added Pin To Net: NetName=GND Pin=C7-1
Added Pin To Net: NetName=NetC6_2 Pin=C7-2
Added Pin To Net: NetName=NetC1_1 Pin=D2-K
Added Pin To Net: NetName=GND Pin=F1-1
Added Pin To Net: NetName=NetR5_3 Pin=F1-2
Added Pin To Net: NetName=NetR5_3 Pin=P1-2
Added Pin To Net: NetName=NetQ2_B Pin=R4-1
Added Pin To Net: NetName=NetC1_1 Pin=R4-2
Added Pin To Net: NetName=GND Pin=R6-1
Added Pin To Net: NetName=NetQ2_C Pin=R6-2
Added Pin To Net: NetName=GND Pin=R7-1
Added Pin To Net: NetName=GND Pin=R7-2
Added Pin To Net: NetName=NetD1_A Pin=U1-8
Change Net Name : Old Net Name=NetC3_2 New Net Name=NetC4_1
Change Net Name : Old Net Name=NetC5_1 New Net Name=NetC6_2
Change Net Name : Old Net Name=NetC6_2 New Net Name=NetC7_2
Change Net Name : Old Net Name=NetD1_A New Net Name=NetD1_K
Change Net Name : Old Net Name=NetD2_A New Net Name=NetD3_A
Change Net Name : Old Net Name=NetD3_1 New Net Name=NetD4_1
Change Net Name : Old Net Name=NetD7_2 New Net Name=NetD8_2
Change Net Name : Old Net Name=NetR5_3 New Net Name=NetF1_2
Change Net Name : Old Net Name=NetR10_3 New Net Name=NetR13_3
Added Pin To Net: NetName=NetD2_A Pin=D2-A
Added Pin To Net: NetName=NetD2_A Pin=D5-K
Added Pin To Net: NetName=NetD2_A Pin=P1-1
Added Net: Name=NetD2_A
Added Pin To Net: NetName=NetQ4_B Pin=Q4-B
Added Pin To Net: NetName=NetQ4_B Pin=R5-2
Added Net: Name=NetQ4_B
Added Pin To Net: NetName=NetR7_3 Pin=R7-3
Added Pin To Net: NetName=NetR7_3 Pin=R8-1
Added Pin To Net: NetName=NetR7_3 Pin=U1-2
Added Net: Name=NetR7_3
Added Member To Class: ClassName=main Member=Component C4 Value
Added Member To Class: ClassName=main Member=Component C7 Value
Added Member To Class: ClassName=main Member=Component D9 1N4728A
Added Member To Class: ClassName=main Member=Component F1 Fuse Thermal
Added Member To Class: ClassName=main Member=Component R15 1k7R
Added Member To Class: ClassName=main Member=Component R16 1k
