Added Component: Designator=C1(0805C)
Added Component: Designator=C2(CP-RAD-8.0mm-11.5mm-3.5mm)
Added Component: Designator=C3(CP-RAD-8.0mm-11.5mm-3.5mm)
Added Component: Designator=C4(CP-RAD-8.0mm-11.5mm-3.5mm)
Added Component: Designator=C5(CP-RAD-8.0mm-11.5mm-3.5mm)
Added Component: Designator=C6(CP-RAD-8.0mm-11.5mm-3.5mm)
Added Component: Designator=C7(CP-RAD-8.0mm-11.5mm-3.5mm)
Added Component: Designator=D1(SMA)
Added Component: Designator=D2(SMA)
Added Component: Designator=D3(SMA)
Added Component: Designator=D4(LED-1)
Added Component: Designator=D5(SMA)
Added Component: Designator=D6(SMA)
Added Component: Designator=D7(DO-41-Glass)
Added Component: Designator=D8(LED-1)
Added Component: Designator=D9(DO-41-Glass)
Added Component: Designator=F1(PIN-W2/E2.8)
Added Component: Designator=HS1(HS-TO-220-180847)
Added Component: Designator=HS2(HS-TO-220-180847)
Added Component: Designator=P1(KRE_3)
Added Component: Designator=P2(KRE_3)
Added Component: Designator=Q1(TO-220/BCE)
Added Component: Designator=Q2(TO-92/CBE)
Added Component: Designator=Q3(TO-92/CBE)
Added Component: Designator=Q4(TO-92/CBE)
Added Component: Designator=Q5(TO-220AB)
Added Component: Designator=Q6(29-04)
Added Component: Designator=Q7(TO-92/CBE)
Added Component: Designator=Q8(29-04)
Added Component: Designator=R1(Res Axial 1W)
Added Component: Designator=R2(R400-2.0mm)
Added Component: Designator=R3(R400-2.0mm)
Added Component: Designator=R4(0805R)
Added Component: Designator=R5(0805R)
Added Component: Designator=R6(R400-2.0mm)
Added Component: Designator=R7(Trimpot-3266Y)
Added Component: Designator=R8(Trimpot-3266Y)
Added Component: Designator=R9(Res Axial 1W)
Added Component: Designator=R10(R400-2.0mm)
Added Component: Designator=R11(R400-2.0mm)
Added Component: Designator=R12(0805R)
Added Component: Designator=R13(Trimpot-3266Y)
Added Component: Designator=R14(0805R)
Added Component: Designator=R15(R400-2.0mm)
Added Component: Designator=R16(Trimpot-3266Y)
Added Component: Designator=U1(DIP08-300(100))
Added Pin To Net: NetName=NetC1_1 Pin=C1-1
Added Pin To Net: NetName=GND Pin=C1-2
Added Pin To Net: NetName=NetC1_1 Pin=C2-1
Added Pin To Net: NetName=GND Pin=C2-2
Added Pin To Net: NetName=V+ Pin=C3-1
Added Pin To Net: NetName=GND Pin=C3-2
Added Pin To Net: NetName=NetC4_1 Pin=C4-1
Added Pin To Net: NetName=GND Pin=C4-2
Added Pin To Net: NetName=GND Pin=C5-1
Added Pin To Net: NetName=V- Pin=C5-2
Added Pin To Net: NetName=GND Pin=C6-1
Added Pin To Net: NetName=NetC6_2 Pin=C6-2
Added Pin To Net: NetName=GND Pin=C7-1
Added Pin To Net: NetName=NetC7_2 Pin=C7-2
Added Pin To Net: NetName=NetD4_1 Pin=D4-1
Added Pin To Net: NetName=GND Pin=D4-2
Added Pin To Net: NetName=GND Pin=D7-A
Added Pin To Net: NetName=NetC4_1 Pin=D7-K
Added Pin To Net: NetName=GND Pin=D8-1
Added Pin To Net: NetName=NetD8_2 Pin=D8-2
Added Pin To Net: NetName=NetC7_2 Pin=D9-A
Added Pin To Net: NetName=GND Pin=D9-K
Added Pin To Net: NetName=GND Pin=F1-1
Added Pin To Net: NetName=NetF1_2 Pin=F1-2
Added Pin To Net: NetName=NetD2_A Pin=P1-1
Added Pin To Net: NetName=NetF1_2 Pin=P1-2
Added Pin To Net: NetName=NetD3_A Pin=P1-3
Added Pin To Net: NetName=V- Pin=P2-1
Added Pin To Net: NetName=GND Pin=P2-2
Added Pin To Net: NetName=V+ Pin=P2-3
Added Pin To Net: NetName=NetQ1_B Pin=Q1-B
Added Pin To Net: NetName=NetC1_1 Pin=Q1-C
Added Pin To Net: NetName=NetQ1_E Pin=Q1-E
Added Pin To Net: NetName=NetQ2_B Pin=Q2-B
Added Pin To Net: NetName=NetQ2_C Pin=Q2-C
Added Pin To Net: NetName=NetC1_1 Pin=Q2-E
Added Pin To Net: NetName=NetQ1_E Pin=Q3-B
Added Pin To Net: NetName=NetQ1_B Pin=Q3-C
Added Pin To Net: NetName=V+ Pin=Q3-E
Added Pin To Net: NetName=NetQ4_B Pin=Q4-B
Added Pin To Net: NetName=NetC4_1 Pin=Q4-C
Added Pin To Net: NetName=NetQ2_B Pin=Q4-E
Added Pin To Net: NetName=NetQ6_1 Pin=Q6-1
Added Pin To Net: NetName=NetQ6_2 Pin=Q6-2
Added Pin To Net: NetName=NetC6_2 Pin=Q6-3
Added Pin To Net: NetName=NetQ5_E Pin=Q7-B
Added Pin To Net: NetName=NetQ5_B Pin=Q7-C
Added Pin To Net: NetName=V- Pin=Q7-E
Added Pin To Net: NetName=NetC7_2 Pin=Q8-1
Added Pin To Net: NetName=NetQ8_2 Pin=Q8-2
Added Pin To Net: NetName=NetQ6_2 Pin=Q8-3
Added Pin To Net: NetName=NetQ1_E Pin=R1-1
Added Pin To Net: NetName=V+ Pin=R1-2
Added Pin To Net: NetName=NetD4_1 Pin=R2-1
Added Pin To Net: NetName=V+ Pin=R2-2
Added Pin To Net: NetName=NetQ2_B Pin=R3-1
Added Pin To Net: NetName=NetC1_1 Pin=R3-2
Added Pin To Net: NetName=NetQ2_B Pin=R4-1
Added Pin To Net: NetName=NetC1_1 Pin=R4-2
Added Pin To Net: NetName=GND Pin=R5-1
Added Pin To Net: NetName=NetQ4_B Pin=R5-2
Added Pin To Net: NetName=GND Pin=R6-1
Added Pin To Net: NetName=NetQ2_C Pin=R6-2
Added Pin To Net: NetName=GND Pin=R7-1
Added Pin To Net: NetName=GND Pin=R7-2
Added Pin To Net: NetName=NetR7_3 Pin=R7-3
Added Pin To Net: NetName=NetR7_3 Pin=R8-1
Added Pin To Net: NetName=V+ Pin=R8-2
Added Pin To Net: NetName=V+ Pin=R8-3
Added Pin To Net: NetName=NetQ5_E Pin=R9-1
Added Pin To Net: NetName=V- Pin=R9-2
Added Pin To Net: NetName=NetD8_2 Pin=R10-1
Added Pin To Net: NetName=V- Pin=R10-2
Added Pin To Net: NetName=NetQ6_2 Pin=R11-1
Added Pin To Net: NetName=NetC6_2 Pin=R11-2
Added Pin To Net: NetName=NetQ6_2 Pin=R12-1
Added Pin To Net: NetName=NetC6_2 Pin=R12-2
Added Pin To Net: NetName=GND Pin=R13-1
Added Pin To Net: NetName=GND Pin=R13-2
Added Pin To Net: NetName=NetR13_3 Pin=R13-3
Added Pin To Net: NetName=GND Pin=R14-1
Added Pin To Net: NetName=NetQ8_2 Pin=R14-2
Added Pin To Net: NetName=GND Pin=R15-1
Added Pin To Net: NetName=NetQ6_1 Pin=R15-2
Added Pin To Net: NetName=NetR13_3 Pin=R16-1
Added Pin To Net: NetName=V- Pin=R16-2
Added Pin To Net: NetName=V- Pin=R16-3
Added Pin To Net: NetName=NetQ1_B Pin=U1-1
Added Pin To Net: NetName=NetR7_3 Pin=U1-2
Added Pin To Net: NetName=NetC4_1 Pin=U1-3
Added Pin To Net: NetName=NetC6_2 Pin=U1-4
Added Pin To Net: NetName=NetC7_2 Pin=U1-5
Added Pin To Net: NetName=NetR13_3 Pin=U1-6
Added Pin To Net: NetName=NetQ5_B Pin=U1-7
Added Pin To Net: NetName=NetD1_K Pin=U1-8
Added Member To Class: ClassName=main Member=Component C1 100nF
Added Member To Class: ClassName=main Member=Component C2 1000u
Added Member To Class: ClassName=main Member=Component C3 1000u
Added Member To Class: ClassName=main Member=Component C4 100u
Added Member To Class: ClassName=main Member=Component C5 1000u
Added Member To Class: ClassName=main Member=Component C6 1000u
Added Member To Class: ClassName=main Member=Component C7 100u
Added Member To Class: ClassName=main Member=Component D1 1N4007
Added Member To Class: ClassName=main Member=Component D2 1N4007
Added Member To Class: ClassName=main Member=Component D3 1N4007
Added Member To Class: ClassName=main Member=Component D4 LED3
Added Member To Class: ClassName=main Member=Component D5 1N4007
Added Member To Class: ClassName=main Member=Component D6 1N4007
Added Member To Class: ClassName=main Member=Component D7 1N4728A
Added Member To Class: ClassName=main Member=Component D8 LED3
Added Member To Class: ClassName=main Member=Component D9 1N4728A
Added Member To Class: ClassName=main Member=Component F1 Fuse Thermal
Added Member To Class: ClassName=main Member=Component HS1 HS-TO-220
Added Member To Class: ClassName=main Member=Component HS2 HS-TO-220
Added Member To Class: ClassName=main Member=Component P1 SourceAC
Added Member To Class: ClassName=main Member=Component P2 Vout
Added Member To Class: ClassName=main Member=Component Q1 TIP41C
Added Member To Class: ClassName=main Member=Component Q2 BC212
Added Member To Class: ClassName=main Member=Component Q3 BC548
Added Member To Class: ClassName=main Member=Component Q4 BC212
Added Member To Class: ClassName=main Member=Component Q5 TIP42C
Added Member To Class: ClassName=main Member=Component Q6 BC548B
Added Member To Class: ClassName=main Member=Component Q7 BC212
Added Member To Class: ClassName=main Member=Component Q8 BC548B
Added Member To Class: ClassName=main Member=Component R1 10R
Added Member To Class: ClassName=main Member=Component R2 Value
Added Member To Class: ClassName=main Member=Component R3 22R
Added Member To Class: ClassName=main Member=Component R4 Value
Added Member To Class: ClassName=main Member=Component R5 Value
Added Member To Class: ClassName=main Member=Component R6 4k7
Added Member To Class: ClassName=main Member=Component R7 1k7
Added Member To Class: ClassName=main Member=Component R8 1k
Added Member To Class: ClassName=main Member=Component R9 10
Added Member To Class: ClassName=main Member=Component R10 Value
Added Member To Class: ClassName=main Member=Component R11 22R
Added Member To Class: ClassName=main Member=Component R12 Value
Added Member To Class: ClassName=main Member=Component R13 1k7
Added Member To Class: ClassName=main Member=Component R14 Value
Added Member To Class: ClassName=main Member=Component R15 1k7R
Added Member To Class: ClassName=main Member=Component R16 1k
Added Member To Class: ClassName=main Member=Component U1 LM358
Added Room: Name=main
