Added Component: Designator=C1(0805C)
Added Component: Designator=C2(C300-450-150)
Added Component: Designator=C3(C300-450-150)
Added Component: Designator=C4(C300-450-150)
Added Component: Designator=C5(C300-450-150)
Added Component: Designator=C6(0805C)
Added Component: Designator=C7(C300-450-150)
Added Component: Designator=C8(C300-450-150)
Added Component: Designator=D1(DO-41-Plastic)
Added Component: Designator=D2(DO-41-Plastic)
Added Component: Designator=D3(DSO-C2/D5.6)
Added Component: Designator=D4(DO-41-Glass)
Added Component: Designator=D5(DO-41-Plastic)
Added Component: Designator=D6(DO-41-Plastic)
Added Component: Designator=D7(DSO-C2/D5.6)
Added Component: Designator=D8(DO-41-Glass)
Added Component: Designator=P1(KRE_3)
Added Component: Designator=P3(KRE_3)
Added Component: Designator=Q1(TO-92/CBE)
Added Component: Designator=Q2(TO-92/CBE)
Added Component: Designator=Q3(TO-92/CBE)
Added Component: Designator=Q4(TO-92/CBE)
Added Component: Designator=R1(AXIAL-0.5)
Added Component: Designator=R2(6-0805_L)
Added Component: Designator=R3(AXIAL-0.5)
Added Component: Designator=R4(AXIAL-0.5)
Added Component: Designator=R5(6-0805_L)
Added Component: Designator=R6(AXIAL-0.5)
Added Component: Designator=U1(DIP08-300(100))
Added Component: Designator=U2(DIP08-300(100))
Added Pin To Net: NetName=GND Pin=C1-2
Added Pin To Net: NetName=GND Pin=C2-1
Added Pin To Net: NetName=GND Pin=C3-1
Added Pin To Net: NetName=GND Pin=C4-1
Added Pin To Net: NetName=GND Pin=C5-2
Added Pin To Net: NetName=GND Pin=C6-2
Added Pin To Net: NetName=GND Pin=C7-1
Added Pin To Net: NetName=GND Pin=C8-1
Added Pin To Net: NetName=GND Pin=D3-2
Added Pin To Net: NetName=GND Pin=D4-A
Added Pin To Net: NetName=GND Pin=D7-1
Added Pin To Net: NetName=GND Pin=D8-K
Added Pin To Net: NetName=GND Pin=P1-2
Added Pin To Net: NetName=GND Pin=P3-2
Added Pin To Net: NetName=GND Pin=U1-4
Added Pin To Net: NetName=GND Pin=U2-8
Added Net: Name=GND
Added Pin To Net: NetName=NetC1_1 Pin=C1-1
Added Pin To Net: NetName=NetC1_1 Pin=C2-2
Added Pin To Net: NetName=NetC1_1 Pin=C3-2
Added Pin To Net: NetName=NetC1_1 Pin=C4-2
Added Pin To Net: NetName=NetC1_1 Pin=D1-K
Added Pin To Net: NetName=NetC1_1 Pin=D2-K
Added Pin To Net: NetName=NetC1_1 Pin=D4-K
Added Pin To Net: NetName=NetC1_1 Pin=Q1-C
Added Pin To Net: NetName=NetC1_1 Pin=U1-3
Added Pin To Net: NetName=NetC1_1 Pin=U1-8
Added Net: Name=NetC1_1
Added Pin To Net: NetName=NetC5_1 Pin=C5-1
Added Pin To Net: NetName=NetC5_1 Pin=C6-1
Added Pin To Net: NetName=NetC5_1 Pin=C7-2
Added Pin To Net: NetName=NetC5_1 Pin=C8-2
Added Pin To Net: NetName=NetC5_1 Pin=D5-A
Added Pin To Net: NetName=NetC5_1 Pin=D6-A
Added Pin To Net: NetName=NetC5_1 Pin=D8-A
Added Pin To Net: NetName=NetC5_1 Pin=Q3-C
Added Pin To Net: NetName=NetC5_1 Pin=U2-3
Added Pin To Net: NetName=NetC5_1 Pin=U2-4
Added Net: Name=NetC5_1
Added Pin To Net: NetName=NetD1_A Pin=D1-A
Added Pin To Net: NetName=NetD1_A Pin=D5-K
Added Pin To Net: NetName=NetD1_A Pin=P1-3
Added Net: Name=NetD1_A
Added Pin To Net: NetName=NetD2_A Pin=D2-A
Added Pin To Net: NetName=NetD2_A Pin=D6-K
Added Pin To Net: NetName=NetD2_A Pin=P1-1
Added Net: Name=NetD2_A
Added Pin To Net: NetName=NetD3_1 Pin=D3-1
Added Pin To Net: NetName=NetD3_1 Pin=R2-2
Added Net: Name=NetD3_1
Added Pin To Net: NetName=NetD7_2 Pin=D7-2
Added Pin To Net: NetName=NetD7_2 Pin=R5-2
Added Net: Name=NetD7_2
Added Pin To Net: NetName=NetQ1_B Pin=Q1-B
Added Pin To Net: NetName=NetQ1_B Pin=Q2-C
Added Pin To Net: NetName=NetQ1_B Pin=U1-1
Added Net: Name=NetQ1_B
Added Pin To Net: NetName=NetQ1_E Pin=Q1-E
Added Pin To Net: NetName=NetQ1_E Pin=Q2-B
Added Pin To Net: NetName=NetQ1_E Pin=R1-1
Added Net: Name=NetQ1_E
Added Pin To Net: NetName=NetQ3_B Pin=Q3-B
Added Pin To Net: NetName=NetQ3_B Pin=Q4-C
Added Pin To Net: NetName=NetQ3_B Pin=U2-1
Added Net: Name=NetQ3_B
Added Pin To Net: NetName=NetQ3_E Pin=Q3-E
Added Pin To Net: NetName=NetQ3_E Pin=Q4-B
Added Pin To Net: NetName=NetQ3_E Pin=R4-1
Added Net: Name=NetQ3_E
Added Pin To Net: NetName=NetR3_1 Pin=R3-1
Added Pin To Net: NetName=NetR3_1 Pin=U1-2
Added Net: Name=NetR3_1
Added Pin To Net: NetName=NetR6_1 Pin=R6-1
Added Pin To Net: NetName=NetR6_1 Pin=U2-2
Added Net: Name=NetR6_1
Added Pin To Net: NetName=V+ Pin=P3-3
Added Pin To Net: NetName=V+ Pin=Q2-E
Added Pin To Net: NetName=V+ Pin=R1-2
Added Pin To Net: NetName=V+ Pin=R2-1
Added Pin To Net: NetName=V+ Pin=R3-2
Added Net: Name=V+
Added Pin To Net: NetName=V- Pin=P3-1
Added Pin To Net: NetName=V- Pin=Q4-E
Added Pin To Net: NetName=V- Pin=R4-2
Added Pin To Net: NetName=V- Pin=R5-1
Added Pin To Net: NetName=V- Pin=R6-2
Added Net: Name=V-
Added Class: Name=main
Added Room: Name=main
